#
# There is insufficient memory for the Java Runtime Environment to continue.
# Native memory allocation (mmap) failed to map 115343360 bytes. Error detail: G1 virtual space
# Possible reasons:
#   The system is out of physical RAM or swap space
#   This process is running with CompressedOops enabled, and the Java Heap may be blocking the growth of the native heap
# Possible solutions:
#   Reduce memory load on the system
#   Increase physical memory or swap space
#   Check if swap backing store is full
#   Decrease Java heap size (-Xmx/-Xms)
#   Decrease number of Java threads
#   Decrease Java thread stack sizes (-Xss)
#   Set larger code cache with -XX:ReservedCodeCacheSize=
#   JVM is running with Unscaled Compressed Oops mode in which the Java heap is
#     placed in the first 4GB address space. The Java Heap base address is the
#     maximum limit for the native heap growth. Please use -XX:HeapBaseMinAddress
#     to set the Java Heap base and to place the Java Heap above 4GB virtual address.
# This output file may be truncated or incomplete.
#
#  Out of Memory Error (os_windows.cpp:3713), pid=2080, tid=22084
#
# JRE version:  (21.0.8+9) (build )
# Java VM: OpenJDK 64-Bit Server VM (21.0.8+9-LTS, mixed mode, sharing, tiered, compressed oops, compressed class ptrs, g1 gc, windows-amd64)
# No core dump will be written. Minidumps are not enabled by default on client versions of Windows
#

---------------  S U M M A R Y ------------

Command Line: -Dmaven.multiModuleProjectDirectory=C:\MyFiles\CodingProjects\Plugins\BackpackPlugin\1.21\BackpackPlugin-main -Djansi.passthrough=true -Dmaven.home=C:/Program Files/JetBrains/IntelliJ IDEA Community Edition 2025.1.4.1/plugins/maven/lib/maven3 -Dclassworlds.conf=C:\Program Files\JetBrains\IntelliJ IDEA Community Edition 2025.1.4.1\plugins\maven\lib\maven3\bin\m2.conf -Dmaven.ext.class.path=C:\Program Files\JetBrains\IntelliJ IDEA Community Edition 2025.1.4.1\plugins\maven\lib\maven-event-listener.jar -javaagent:C:\Program Files\JetBrains\IntelliJ IDEA Community Edition 2025.1.4.1\lib\idea_rt.jar=51100 -Dfile.encoding=UTF-8 -Dsun.stdout.encoding=UTF-8 -Dsun.stderr.encoding=UTF-8 org.codehaus.classworlds.Launcher -Didea.version=2025.1.4.1 clean

Host: AMD Ryzen 3 7330U with Radeon Graphics         , 8 cores, 6G,  Windows 11 , 64 bit Build 22621 (10.0.22621.5415)
Time: Mon Aug 18 00:45:07 2025 Suomen kesäaika elapsed time: 0.030702 seconds (0d 0h 0m 0s)

---------------  T H R E A D  ---------------

Current thread (0x00000174b8f2db90):  JavaThread "Unknown thread" [_thread_in_vm, id=22084, stack(0x000000579b300000,0x000000579b400000) (1024K)]

Stack: [0x000000579b300000,0x000000579b400000]
Native frames: (J=compiled Java code, j=interpreted, Vv=VM code, C=native code)
V  [jvm.dll+0x6d2449]
V  [jvm.dll+0x8ae341]
V  [jvm.dll+0x8b08be]
V  [jvm.dll+0x8b0fa3]
V  [jvm.dll+0x280c96]
V  [jvm.dll+0x6cec15]
V  [jvm.dll+0x6c2c3a]
V  [jvm.dll+0x35867a]
V  [jvm.dll+0x360246]
V  [jvm.dll+0x3b1f9e]
V  [jvm.dll+0x3b2248]
V  [jvm.dll+0x32c8fc]
V  [jvm.dll+0x32d45b]
V  [jvm.dll+0x8775d9]
V  [jvm.dll+0x3bed71]
V  [jvm.dll+0x8605d3]
V  [jvm.dll+0x4530ee]
V  [jvm.dll+0x454d31]
C  [jli.dll+0x5278]
C  [ucrtbase.dll+0x29333]
C  [KERNEL32.DLL+0x1259d]
C  [ntdll.dll+0x5af78]


---------------  P R O C E S S  ---------------

Threads class SMR info:
_java_thread_list=0x00007ffb68ec11c8, length=0, elements={
}

Java Threads: ( => current thread )
Total: 0

Other Threads:
  0x00000174b8f7c060 WorkerThread "GC Thread#0"                     [id=21356, stack(0x000000579b400000,0x000000579b500000) (1024K)]
  0x00000174b8f8ac70 ConcurrentGCThread "G1 Main Marker"            [id=10012, stack(0x000000579b500000,0x000000579b600000) (1024K)]
  0x00000174b8f8b770 WorkerThread "G1 Conc#0"                       [id=3668, stack(0x000000579b600000,0x000000579b700000) (1024K)]

[error occurred during error reporting (printing all threads), id 0xc0000005, EXCEPTION_ACCESS_VIOLATION (0xc0000005) at pc=0x00007ffb685bf137]
VM state: not at safepoint (not fully initialized)

VM Mutex/Monitor currently owned by a thread:  ([mutex/lock_event])
[0x00007ffb68f35558] Heap_lock - owner thread: 0x00000174b8f2db90

Heap address: 0x0000000092c00000, size: 1748 MB, Compressed Oops mode: 32-bit

CDS archive(s) mapped at: [0x0000000000000000-0x0000000000000000-0x0000000000000000), size 0, SharedBaseAddress: 0x0000000800000000, ArchiveRelocationMode: 1.
Narrow klass base: 0x0000000000000000, Narrow klass shift: 0, Narrow klass range: 0x0

GC Precious Log:
 CardTable entry size: 512
 Card Set container configuration: InlinePtr #cards 5 size 8 Array Of Cards #cards 12 size 40 Howl #buckets 4 coarsen threshold 1843 Howl Bitmap #cards 512 size 80 coarsen threshold 460 Card regions per heap region 1 cards per card region 2048

Heap:
 garbage-first heap   total 0K, used 0K [0x0000000092c00000, 0x0000000100000000)
  region size 1024K, 0 young (0K), 0 survivors (0K)

[error occurred during error reporting (printing heap information), id 0xc0000005, EXCEPTION_ACCESS_VIOLATION (0xc0000005) at pc=0x00007ffb689abba9]
GC Heap History (0 events):
No events

Dll operation events (1 events):
Event: 0.017 Loaded shared library C:\Program Files\Eclipse Adoptium\jdk-21.0.8.9-hotspot\bin\java.dll

Deoptimization events (0 events):
No events

Classes loaded (0 events):
No events

Classes unloaded (0 events):
No events

Classes redefined (0 events):
No events

Internal exceptions (0 events):
No events

ZGC Phase Switch (0 events):
No events

VM Operations (0 events):
No events

Memory protections (0 events):
No events

Nmethod flushes (0 events):
No events

Events (0 events):
No events


Dynamic libraries:
0x00007ff79a8a0000 - 0x00007ff79a8ae000 	C:\Program Files\Eclipse Adoptium\jdk-21.0.8.9-hotspot\bin\java.exe
0x00007ffbda610000 - 0x00007ffbda827000 	C:\Windows\SYSTEM32\ntdll.dll
0x00007ffbd8730000 - 0x00007ffbd87f4000 	C:\Windows\System32\KERNEL32.DLL
0x00007ffbd79c0000 - 0x00007ffbd7d92000 	C:\Windows\System32\KERNELBASE.dll
0x00007ffbd7da0000 - 0x00007ffbd7eb1000 	C:\Windows\System32\ucrtbase.dll
0x00007ffbb5000000 - 0x00007ffbb501e000 	C:\Program Files\Eclipse Adoptium\jdk-21.0.8.9-hotspot\bin\VCRUNTIME140.dll
0x00007ffbb7660000 - 0x00007ffbb7678000 	C:\Program Files\Eclipse Adoptium\jdk-21.0.8.9-hotspot\bin\jli.dll
0x00007ffbd83b0000 - 0x00007ffbd8561000 	C:\Windows\System32\USER32.dll
0x00007ffbc59e0000 - 0x00007ffbc5c7b000 	C:\Windows\WinSxS\amd64_microsoft.windows.common-controls_6595b64144ccf1df_6.0.22621.5547_none_27104afb73855772\COMCTL32.dll
0x00007ffbd7870000 - 0x00007ffbd7896000 	C:\Windows\System32\win32u.dll
0x00007ffbd8570000 - 0x00007ffbd8599000 	C:\Windows\System32\GDI32.dll
0x00007ffbd85c0000 - 0x00007ffbd8667000 	C:\Windows\System32\msvcrt.dll
0x00007ffbd8170000 - 0x00007ffbd8293000 	C:\Windows\System32\gdi32full.dll
0x00007ffbd78a0000 - 0x00007ffbd793a000 	C:\Windows\System32\msvcp_win.dll
0x00007ffbd9890000 - 0x00007ffbd98c1000 	C:\Windows\System32\IMM32.DLL
0x00007ffbd1ce0000 - 0x00007ffbd1cec000 	C:\Program Files\Eclipse Adoptium\jdk-21.0.8.9-hotspot\bin\vcruntime140_1.dll
0x00007ffbab150000 - 0x00007ffbab1dd000 	C:\Program Files\Eclipse Adoptium\jdk-21.0.8.9-hotspot\bin\msvcp140.dll
0x00007ffb68280000 - 0x00007ffb69017000 	C:\Program Files\Eclipse Adoptium\jdk-21.0.8.9-hotspot\bin\server\jvm.dll
0x00007ffbd90a0000 - 0x00007ffbd9151000 	C:\Windows\System32\ADVAPI32.dll
0x00007ffbd8680000 - 0x00007ffbd8728000 	C:\Windows\System32\sechost.dll
0x00007ffbd7700000 - 0x00007ffbd7728000 	C:\Windows\System32\bcrypt.dll
0x00007ffbda4b0000 - 0x00007ffbda5c4000 	C:\Windows\System32\RPCRT4.dll
0x00007ffbda430000 - 0x00007ffbda4a1000 	C:\Windows\System32\WS2_32.dll
0x00007ffbd73c0000 - 0x00007ffbd740d000 	C:\Windows\SYSTEM32\POWRPROF.dll
0x00007ffbd2030000 - 0x00007ffbd2064000 	C:\Windows\SYSTEM32\WINMM.dll
0x00007ffbd61f0000 - 0x00007ffbd61fa000 	C:\Windows\SYSTEM32\VERSION.dll
0x00007ffbd7350000 - 0x00007ffbd7363000 	C:\Windows\SYSTEM32\UMPDC.dll
0x00007ffbd6610000 - 0x00007ffbd6628000 	C:\Windows\SYSTEM32\kernel.appcore.dll
0x00007ffbd1ca0000 - 0x00007ffbd1caa000 	C:\Program Files\Eclipse Adoptium\jdk-21.0.8.9-hotspot\bin\jimage.dll
0x00007ffbcf070000 - 0x00007ffbcf2a3000 	C:\Windows\SYSTEM32\DBGHELP.DLL
0x00007ffbd94a0000 - 0x00007ffbd9833000 	C:\Windows\System32\combase.dll
0x00007ffbd8810000 - 0x00007ffbd88e7000 	C:\Windows\System32\OLEAUT32.dll
0x00007ffbb3a70000 - 0x00007ffbb3aa2000 	C:\Windows\SYSTEM32\dbgcore.DLL
0x00007ffbd7940000 - 0x00007ffbd79bb000 	C:\Windows\System32\bcryptPrimitives.dll
0x00007ffbc5440000 - 0x00007ffbc544f000 	C:\Program Files\Eclipse Adoptium\jdk-21.0.8.9-hotspot\bin\instrument.dll
0x00007ffbb4bc0000 - 0x00007ffbb4bdf000 	C:\Program Files\Eclipse Adoptium\jdk-21.0.8.9-hotspot\bin\java.dll

JVMTI agents:
C:\Program Files\JetBrains\IntelliJ IDEA Community Edition 2025.1.4.1\lib\idea_rt.jar path:none, loaded, not initialized, instrumentlib options:51100

dbghelp: loaded successfully - version: 4.0.5 - missing functions: none
symbol engine: initialized successfully - sym options: 0x614 - pdb path: .;C:\Program Files\Eclipse Adoptium\jdk-21.0.8.9-hotspot\bin;C:\Windows\SYSTEM32;C:\Windows\WinSxS\amd64_microsoft.windows.common-controls_6595b64144ccf1df_6.0.22621.5547_none_27104afb73855772;C:\Program Files\Eclipse Adoptium\jdk-21.0.8.9-hotspot\bin\server

VM Arguments:
jvm_args: -Dmaven.multiModuleProjectDirectory=C:\MyFiles\CodingProjects\Plugins\BackpackPlugin\1.21\BackpackPlugin-main -Djansi.passthrough=true -Dmaven.home=C:/Program Files/JetBrains/IntelliJ IDEA Community Edition 2025.1.4.1/plugins/maven/lib/maven3 -Dclassworlds.conf=C:\Program Files\JetBrains\IntelliJ IDEA Community Edition 2025.1.4.1\plugins\maven\lib\maven3\bin\m2.conf -Dmaven.ext.class.path=C:\Program Files\JetBrains\IntelliJ IDEA Community Edition 2025.1.4.1\plugins\maven\lib\maven-event-listener.jar -javaagent:C:\Program Files\JetBrains\IntelliJ IDEA Community Edition 2025.1.4.1\lib\idea_rt.jar=51100 -Dfile.encoding=UTF-8 -Dsun.stdout.encoding=UTF-8 -Dsun.stderr.encoding=UTF-8 
java_command: org.codehaus.classworlds.Launcher -Didea.version=2025.1.4.1 clean
java_class_path (initial): C:\Program Files\JetBrains\IntelliJ IDEA Community Edition 2025.1.4.1\plugins\maven\lib\maven3\boot\plexus-classworlds-2.8.0.jar;C:\Program Files\JetBrains\IntelliJ IDEA Community Edition 2025.1.4.1\plugins\maven\lib\maven3\boot\plexus-classworlds.license
Launcher Type: SUN_STANDARD

[Global flags]
     intx CICompilerCount                          = 4                                         {product} {ergonomic}
     uint ConcGCThreads                            = 2                                         {product} {ergonomic}
     uint G1ConcRefinementThreads                  = 8                                         {product} {ergonomic}
   size_t G1HeapRegionSize                         = 1048576                                   {product} {ergonomic}
    uintx GCDrainStackTargetSize                   = 64                                        {product} {ergonomic}
   size_t InitialHeapSize                          = 115343360                                 {product} {ergonomic}
   size_t MarkStackSize                            = 4194304                                   {product} {ergonomic}
   size_t MaxHeapSize                              = 1832910848                                {product} {ergonomic}
   size_t MinHeapDeltaBytes                        = 1048576                                   {product} {ergonomic}
   size_t MinHeapSize                              = 8388608                                   {product} {ergonomic}
    uintx NonNMethodCodeHeapSize                   = 5839372                                {pd product} {ergonomic}
    uintx NonProfiledCodeHeapSize                  = 122909434                              {pd product} {ergonomic}
    uintx ProfiledCodeHeapSize                     = 122909434                              {pd product} {ergonomic}
    uintx ReservedCodeCacheSize                    = 251658240                              {pd product} {ergonomic}
     bool SegmentedCodeCache                       = true                                      {product} {ergonomic}
   size_t SoftMaxHeapSize                          = 1832910848                             {manageable} {ergonomic}
     bool UseCompressedOops                        = true                           {product lp64_product} {ergonomic}
     bool UseG1GC                                  = true                                      {product} {ergonomic}
     bool UseLargePagesIndividualAllocation        = false                                  {pd product} {ergonomic}

Logging:
Log output configuration:
 #0: stdout all=warning uptime,level,tags foldmultilines=false
 #1: stderr all=off uptime,level,tags foldmultilines=false

Environment Variables:
JAVA_HOME=C:\Program Files\Eclipse Adoptium\jdk-21.0.8.9-hotspot
PATH=C:\Program Files\Eclipse Adoptium\jdk-21.0.8.9-hotspot\bin;C:\Windows\system32;C:\Windows;C:\Windows\System32\Wbem;C:\Windows\System32\WindowsPowerShell\v1.0\;C:\Windows\System32\OpenSSH\;C:\Program Files\dotnet\;C:\Program Files\Git\cmd;C:\Program Files\Microsoft SQL Server\150\Tools\Binn\;C:\Users\gr301775\AppData\Local\Programs\Python\Python313\Scripts;C:\Users\gr301775\AppData\Local\Programs\Python\Python311\Scripts;C:\Users\gr301775\AppData\Local\Programs\Python\Python311\Scripts\;C:\Users\gr301775\AppData\Local\Programs\Python\Python311\;C:\Users\gr301775\AppData\Local\Programs\Python\Python313\Scripts;C:\Users\gr301775\AppData\Local\Programs\Python\Launcher\;C:\Users\gr301775\AppData\Local\Microsoft\WindowsApps;C:\Users\gr301775\AppData\Local\Programs\Microsoft VS Code\bin;C:\Users\gr301775\.dotnet\tools;C:\Users\gr301775\AppData\Local\GitHubDesktop\bin;C:\Users\gr301775\AppData\Local\spicetify;C:\Program Files\Tesseract-OCR;C:\chromedriver-win64\chromedriver.exe;
USERNAME=gr301775
OS=Windows_NT
PROCESSOR_IDENTIFIER=AMD64 Family 25 Model 80 Stepping 0, AuthenticAMD
TMP=C:\Users\gr301775\AppData\Local\Temp
TEMP=C:\Users\gr301775\AppData\Local\Temp




Periodic native trim disabled

---------------  S Y S T E M  ---------------

OS:
 Windows 11 , 64 bit Build 22621 (10.0.22621.5415)
OS uptime: 1 days 2:16 hours
Hyper-V role detected

CPU: total 8 (initial active 8) (8 cores per cpu, 2 threads per core) family 25 model 80 stepping 0 microcode 0x0, cx8, cmov, fxsr, ht, mmx, 3dnowpref, sse, sse2, sse3, ssse3, sse4a, sse4.1, sse4.2, popcnt, lzcnt, tsc, tscinvbit, avx, avx2, aes, erms, clmul, bmi1, bmi2, adx, sha, fma, vzeroupper, clflush, clflushopt, hv, rdtscp, rdpid, fsrm, f16c, cet_ss
Processor Information for processor 0
  Max Mhz: 2301, Current Mhz: 1904, Mhz Limit: 2301
Processor Information for processor 1
  Max Mhz: 2301, Current Mhz: 1798, Mhz Limit: 2301
Processor Information for processor 2
  Max Mhz: 2301, Current Mhz: 1904, Mhz Limit: 2301
Processor Information for processor 3
  Max Mhz: 2301, Current Mhz: 1904, Mhz Limit: 2301
Processor Information for processor 4
  Max Mhz: 2301, Current Mhz: 1904, Mhz Limit: 2301
Processor Information for processor 5
  Max Mhz: 2301, Current Mhz: 1904, Mhz Limit: 2301
Processor Information for processor 6
  Max Mhz: 2301, Current Mhz: 1904, Mhz Limit: 2301
Processor Information for processor 7
  Max Mhz: 2301, Current Mhz: 1904, Mhz Limit: 2301

Memory: 4k page, system-wide physical 6990M (551M free)
TotalPageFile size 21968M (AvailPageFile size 75M)
current process WorkingSet (physical memory assigned to process): 11M, peak: 11M
current process commit charge ("private bytes"): 60M, peak: 170M

vm_info: OpenJDK 64-Bit Server VM (21.0.8+9-LTS) for windows-amd64 JRE (21.0.8+9-LTS), built on 2025-07-15T00:00:00Z by "admin" with MS VC++ 17.7 (VS2022)

END.
